<?xml version="1.0" encoding="UTF-8"?>
<!-- Generated by org.testng.reporters.JUnitReportReporter -->
<testsuite name="NewTest" tests="1" time="0.017" ignored="0" failures="0" timestamp="24 三月 2018 04:31:41 GMT" skipped="0" hostname="DESKTOP-STHUTQV" errors="0">
  <testcase name="testEmailGenerator" time="0.017" classname="NewTest"/>
</testsuite> <!-- NewTest -->
